[debug] [2024-02-20T10:08:00.979Z] ----------------------------------------------------------------------
[debug] [2024-02-20T10:08:00.981Z] Command:       C:\Program Files\nodejs\node.exe C:\Users\Prpar\AppData\Roaming\npm\node_modules\firebase-tools\lib\bin\firebase.js init
[debug] [2024-02-20T10:08:00.982Z] CLI Version:   13.2.1
[debug] [2024-02-20T10:08:00.982Z] Platform:      win32
[debug] [2024-02-20T10:08:00.982Z] Node Version:  v18.17.0
[debug] [2024-02-20T10:08:00.984Z] Time:          Tue Feb 20 2024 16:08:00 GMT+0600 (Bangladesh Standard Time)
[debug] [2024-02-20T10:08:00.984Z] ----------------------------------------------------------------------
[debug] 
[debug] [2024-02-20T10:08:00.987Z] >>> [apiv2][query] GET https://firebase-public.firebaseio.com/cli.json [none]
[debug] [2024-02-20T10:08:01.111Z] > command requires scopes: ["email","openid","https://www.googleapis.com/auth/cloudplatformprojects.readonly","https://www.googleapis.com/auth/firebase","https://www.googleapis.com/auth/cloud-platform"]
[debug] [2024-02-20T10:08:01.111Z] > authorizing via signed-in user (md.asif.dev@gmail.com)
[info] 
     ######## #### ########  ######## ########     ###     ######  ########
     ##        ##  ##     ## ##       ##     ##  ##   ##  ##       ##
     ######    ##  ########  ######   ########  #########  ######  ######
     ##        ##  ##    ##  ##       ##     ## ##     ##       ## ##
     ##       #### ##     ## ######## ########  ##     ##  ######  ########

You're about to initialize a Firebase project in this directory:

  E:\CityFlyersBackup\client

Before we get started, keep in mind:

  * You are initializing within an existing Firebase project directory

[debug] [2024-02-20T10:08:01.837Z] <<< [apiv2][status] GET https://firebase-public.firebaseio.com/cli.json 200
[debug] [2024-02-20T10:08:01.838Z] <<< [apiv2][body] GET https://firebase-public.firebaseio.com/cli.json {"cloudBuildErrorAfter":1594252800000,"cloudBuildWarnAfter":1590019200000,"defaultNode10After":1594252800000,"minVersion":"3.0.5","node8DeploysDisabledAfter":1613390400000,"node8RuntimeDisabledAfter":1615809600000,"node8WarnAfter":1600128000000}
[info] 
=== Project Setup
[info] 
[info] First, let's associate this project directory with a Firebase project.
[info] You can create multiple project aliases by running firebase use --add, 
[info] but for now we'll just set up a default project.
[info] 
[debug] [2024-02-20T10:08:09.718Z] Using project from CLI flag: thecityflyerss
[debug] [2024-02-20T10:08:09.719Z] > refreshing access token with scopes: []
[debug] [2024-02-20T10:08:09.720Z] >>> [apiv2][query] POST https://www.googleapis.com/oauth2/v3/token [none]
[debug] [2024-02-20T10:08:09.720Z] >>> [apiv2][body] POST https://www.googleapis.com/oauth2/v3/token [omitted]
[debug] [2024-02-20T10:08:10.062Z] <<< [apiv2][status] POST https://www.googleapis.com/oauth2/v3/token 200
[debug] [2024-02-20T10:08:10.062Z] <<< [apiv2][body] POST https://www.googleapis.com/oauth2/v3/token [omitted]
[debug] [2024-02-20T10:08:10.076Z] >>> [apiv2][query] GET https://firebase.googleapis.com/v1beta1/projects/thecityflyerss [none]
[debug] [2024-02-20T10:08:10.965Z] <<< [apiv2][status] GET https://firebase.googleapis.com/v1beta1/projects/thecityflyerss 200
[debug] [2024-02-20T10:08:10.965Z] <<< [apiv2][body] GET https://firebase.googleapis.com/v1beta1/projects/thecityflyerss {"projectId":"thecityflyerss","projectNumber":"690134396377","displayName":"thecityflyers","name":"projects/thecityflyerss","resources":{"hostingSite":"thecityflyerss","realtimeDatabaseInstance":"thecityflyerss-default-rtdb"},"state":"ACTIVE","etag":"1_bf45f690-edbf-4d64-a247-98a6ab62c7e0"}
[info] i  Using project thecityflyerss (thecityflyers) 
[info] 
=== Hosting Setup
[debug] [2024-02-20T10:08:10.987Z] >>> [apiv2][query] GET https://firebase.googleapis.com/v1beta1/projects/thecityflyerss [none]
[debug] [2024-02-20T10:08:11.756Z] <<< [apiv2][status] GET https://firebase.googleapis.com/v1beta1/projects/thecityflyerss 200
[debug] [2024-02-20T10:08:11.756Z] <<< [apiv2][body] GET https://firebase.googleapis.com/v1beta1/projects/thecityflyerss {"projectId":"thecityflyerss","projectNumber":"690134396377","displayName":"thecityflyers","name":"projects/thecityflyerss","resources":{"hostingSite":"thecityflyerss","realtimeDatabaseInstance":"thecityflyerss-default-rtdb"},"state":"ACTIVE","etag":"1_bf45f690-edbf-4d64-a247-98a6ab62c7e0"}
[info] 
[info] Your public directory is the folder (relative to your project directory) that
[info] will contain Hosting assets to be uploaded with firebase deploy. If you
[info] have a build process for your assets, use your build's output directory.
[info] 
